 Reserving general partition A  with:   14.0 Mwords (default)
 Reserving neutron partition B1 with:    4.0 Mwords (default)
 Reserving gamma   partition B2 with:    4.0 Mwords (default)
 Total allocation                   :   18.0 Mwords (A+B1)
 CASMO library identified as E6 0200 UPDATE D
 __________________________________________________________________________________________
 * C A S M O - 4E 1.00.02 REV:00 CREATED:2012/05/08 STUDSVIK * EXECUTED 2022/12/31 22:07:01

 This source code includes the following optional modules:
      1 - CASMO-4E (CASMO-4 Extended Version).
      2 - MxN extended multi-assembly module present.
      3 - Hexagonal module present.
      4 - CLU/AGR module present.
      5 - PSC Tiff/PostScript capability active.
      6 - Azimuthal depletion model present.
      7 - FSS/FSC model present.
      8 - Extra cards present.
      9 - Pn higher order scattering model present.
     10 - DIA Rotated water hole model present.
     11 - CCR Extended C.R. model present.

       LIST OF USER FILES
       ******************
 EXECUTABLE FILE               /opt/studsvik/libexec/studsvik/casmo4e/casmo4e-u1.00.02/casmo4e.exe
 NEUTRON DATA LIBRARY FILE     /opt/studsvik/lib/studsvik/casmo4e/e60200
 GAMMA DATA LIBRARY FILE       /opt/studsvik/lib/studsvik/casmo4e/galb418
 INPUT FILE                    c4.nu050g00_full.inp
 OUTPUT LIST FILE              ./c4.nu050g00_full.out
 CARD IMAGE FILE (SEG1)        ./c4.nu050g00_full.cax
 
 [WARNING] IN INP_PIN             COO in a non-fuel pin detected -MOD is recommended for pin # 2
 [WARNING] IN INP_PIN             COO in a non-fuel pin detected -MOD is recommended for pin # 3
 [WARNING] IN INP_MIX             ID=718 detected for SPA material but Zirc default [ 7.0000E-06] for thermal expansion coeff. (C) used.
 [WARNING] IN EDTFTD              Non-default neutron data library is attached.
 FIC(:,2)=
 -0.77612E-01 -0.44764E+00 -0.96311E+00 -0.13551E+01 -0.18650E+01  0.83756E+01  0.33593E+02  0.48081E+02  0.90181E+01  0.92356E+02
  0.30857E+02  0.15020E+02  0.14230E+02  0.14634E+02  0.25243E+02  0.63806E+01  0.72228E+01  0.62696E+01  0.38514E+01  0.73952E+01
  0.51973E+01  0.45434E+01  0.17778E+01  0.27646E+01  0.18513E+01  0.88605E+00  0.43616E+01  0.12419E+02  0.22709E+02  0.74929E+01
  0.70724E+01  0.51870E+01  0.57874E+01  0.69285E+01  0.40772E+01  0.49884E+01  0.37606E+01  0.26985E+01  0.28060E+01  0.13116E+01

 [WARNING] IN FMCAL               Negative flux in fundamental mode calculation.
 FIC(:,2)=
 -0.77612E-01 -0.44764E+00 -0.96311E+00 -0.13551E+01 -0.18650E+01  0.83756E+01  0.33593E+02  0.48081E+02  0.90181E+01  0.92356E+02
  0.30857E+02  0.15020E+02  0.14230E+02  0.14634E+02  0.25243E+02  0.63806E+01  0.72228E+01  0.62696E+01  0.38514E+01  0.73952E+01
  0.51973E+01  0.45434E+01  0.17778E+01  0.27646E+01  0.18513E+01  0.88605E+00  0.43616E+01  0.12419E+02  0.22709E+02  0.74929E+01
  0.70724E+01  0.51870E+01  0.57874E+01  0.69285E+01  0.40772E+01  0.49884E+01  0.37606E+01  0.26985E+01  0.28060E+01  0.13116E+01

 FIC(:,2)=
 -0.77612E-01 -0.44764E+00 -0.96311E+00 -0.13551E+01 -0.18650E+01  0.83756E+01  0.33593E+02  0.48081E+02  0.90181E+01  0.92356E+02
  0.30857E+02  0.15020E+02  0.14230E+02  0.14634E+02  0.25243E+02  0.63806E+01  0.72228E+01  0.62696E+01  0.38514E+01  0.73952E+01
  0.51973E+01  0.45434E+01  0.17778E+01  0.27646E+01  0.18513E+01  0.88605E+00  0.43616E+01  0.12419E+02  0.22709E+02  0.74929E+01
  0.70724E+01  0.51870E+01  0.57874E+01  0.69285E+01  0.40772E+01  0.49884E+01  0.37606E+01  0.26985E+01  0.28060E+01  0.13116E+01

 FIC(:,2)=
 -0.77612E-01 -0.44764E+00 -0.96311E+00 -0.13551E+01 -0.18650E+01  0.83756E+01  0.33593E+02  0.48081E+02  0.90181E+01  0.92356E+02
  0.30857E+02  0.15020E+02  0.14230E+02  0.14634E+02  0.25243E+02  0.63806E+01  0.72228E+01  0.62696E+01  0.38514E+01  0.73952E+01
  0.51973E+01  0.45434E+01  0.17778E+01  0.27646E+01  0.18513E+01  0.88605E+00  0.43616E+01  0.12419E+02  0.22709E+02  0.74929E+01
  0.70724E+01  0.51870E+01  0.57874E+01  0.69285E+01  0.40772E+01  0.49884E+01  0.37606E+01  0.26985E+01  0.28060E+01  0.13116E+01

 FIC(:,2)=
 -0.77612E-01 -0.44764E+00 -0.96311E+00 -0.13551E+01 -0.18650E+01  0.83756E+01  0.33593E+02  0.48081E+02  0.90181E+01  0.92356E+02
  0.30857E+02  0.15020E+02  0.14230E+02  0.14634E+02  0.25243E+02  0.63806E+01  0.72228E+01  0.62696E+01  0.38514E+01  0.73952E+01
  0.51973E+01  0.45434E+01  0.17778E+01  0.27646E+01  0.18513E+01  0.88605E+00  0.43616E+01  0.12419E+02  0.22709E+02  0.74929E+01
  0.70724E+01  0.51870E+01  0.57874E+01  0.69285E+01  0.40772E+01  0.49884E+01  0.37606E+01  0.26985E+01  0.28060E+01  0.13116E+01

 FIC(:,2)=
 -0.60473E-01 -0.34191E+00 -0.73826E+00 -0.10049E+01 -0.11995E+01  0.46768E+00  0.19457E+02  0.33642E+02  0.65219E+01  0.77160E+02
  0.26993E+02  0.13390E+02  0.12853E+02  0.13553E+02  0.23803E+02  0.61596E+01  0.69978E+01  0.61085E+01  0.37855E+01  0.73664E+01
  0.52278E+01  0.46004E+01  0.18079E+01  0.28202E+01  0.18948E+01  0.90870E+00  0.44899E+01  0.12928E+02  0.24008E+02  0.79836E+01
  0.75780E+01  0.56059E+01  0.63291E+01  0.77148E+01  0.46151E+01  0.57271E+01  0.43790E+01  0.31784E+01  0.33458E+01  0.15868E+01

 FIC(:,2)=
 -0.60473E-01 -0.34191E+00 -0.73826E+00 -0.10049E+01 -0.11995E+01  0.46768E+00  0.19457E+02  0.33642E+02  0.65219E+01  0.77160E+02
  0.26993E+02  0.13390E+02  0.12853E+02  0.13553E+02  0.23803E+02  0.61596E+01  0.69978E+01  0.61085E+01  0.37855E+01  0.73664E+01
  0.52278E+01  0.46004E+01  0.18079E+01  0.28202E+01  0.18948E+01  0.90870E+00  0.44899E+01  0.12928E+02  0.24008E+02  0.79836E+01
  0.75780E+01  0.56059E+01  0.63291E+01  0.77148E+01  0.46151E+01  0.57271E+01  0.43790E+01  0.31784E+01  0.33458E+01  0.15868E+01

 FIC(:,2)=
 -0.60473E-01 -0.34191E+00 -0.73826E+00 -0.10049E+01 -0.11995E+01  0.46768E+00  0.19457E+02  0.33642E+02  0.65219E+01  0.77160E+02
  0.26993E+02  0.13390E+02  0.12853E+02  0.13553E+02  0.23803E+02  0.61596E+01  0.69978E+01  0.61085E+01  0.37855E+01  0.73664E+01
  0.52278E+01  0.46004E+01  0.18079E+01  0.28202E+01  0.18948E+01  0.90870E+00  0.44899E+01  0.12928E+02  0.24008E+02  0.79836E+01
  0.75780E+01  0.56059E+01  0.63291E+01  0.77148E+01  0.46151E+01  0.57271E+01  0.43790E+01  0.31784E+01  0.33458E+01  0.15868E+01

 FIC(:,2)=
 -0.60473E-01 -0.34191E+00 -0.73826E+00 -0.10049E+01 -0.11995E+01  0.46768E+00  0.19457E+02  0.33642E+02  0.65219E+01  0.77160E+02
  0.26993E+02  0.13390E+02  0.12853E+02  0.13553E+02  0.23803E+02  0.61596E+01  0.69978E+01  0.61085E+01  0.37855E+01  0.73664E+01
  0.52278E+01  0.46004E+01  0.18079E+01  0.28202E+01  0.18948E+01  0.90870E+00  0.44899E+01  0.12928E+02  0.24008E+02  0.79836E+01
  0.75780E+01  0.56059E+01  0.63291E+01  0.77148E+01  0.46151E+01  0.57271E+01  0.43790E+01  0.31784E+01  0.33458E+01  0.15868E+01

 FIC(:,2)=
 -0.60473E-01 -0.34191E+00 -0.73826E+00 -0.10049E+01 -0.11995E+01  0.46768E+00  0.19457E+02  0.33642E+02  0.65219E+01  0.77160E+02
  0.26993E+02  0.13390E+02  0.12853E+02  0.13553E+02  0.23803E+02  0.61596E+01  0.69978E+01  0.61085E+01  0.37855E+01  0.73664E+01
  0.52278E+01  0.46004E+01  0.18079E+01  0.28202E+01  0.18948E+01  0.90870E+00  0.44899E+01  0.12928E+02  0.24008E+02  0.79836E+01
  0.75780E+01  0.56059E+01  0.63291E+01  0.77148E+01  0.46151E+01  0.57271E+01  0.43790E+01  0.31784E+01  0.33458E+01  0.15868E+01

 [USAGE NOTE] IN ROUNDER          TMO initial value: 602.230 rounded to: 602.200 difference= -0.030
 22:11:02 Executing statepoint No. 00126 ( 31.4 S.P./min )
 FIC(:,2)=
 -0.74863E-01 -0.43210E+00 -0.93161E+00 -0.13098E+01 -0.18059E+01  0.82554E+01  0.32742E+02  0.46649E+02  0.87467E+01  0.89456E+02
  0.29980E+02  0.14634E+02  0.13912E+02  0.14295E+02  0.24800E+02  0.62734E+01  0.71240E+01  0.62034E+01  0.38152E+01  0.73247E+01
  0.51528E+01  0.45076E+01  0.17648E+01  0.27458E+01  0.18394E+01  0.88031E+00  0.43365E+01  0.12388E+02  0.22780E+02  0.75332E+01
  0.71093E+01  0.52349E+01  0.59075E+01  0.72665E+01  0.44212E+01  0.55957E+01  0.43667E+01  0.32234E+01  0.34525E+01  0.16690E+01

 FIC(:,2)=
 -0.74863E-01 -0.43210E+00 -0.93161E+00 -0.13098E+01 -0.18059E+01  0.82554E+01  0.32742E+02  0.46649E+02  0.87467E+01  0.89456E+02
  0.29980E+02  0.14634E+02  0.13912E+02  0.14295E+02  0.24800E+02  0.62734E+01  0.71240E+01  0.62034E+01  0.38152E+01  0.73247E+01
  0.51528E+01  0.45076E+01  0.17648E+01  0.27458E+01  0.18394E+01  0.88031E+00  0.43365E+01  0.12388E+02  0.22780E+02  0.75332E+01
  0.71093E+01  0.52349E+01  0.59075E+01  0.72665E+01  0.44212E+01  0.55957E+01  0.43667E+01  0.32234E+01  0.34525E+01  0.16690E+01

 FIC(:,2)=
 -0.74863E-01 -0.43210E+00 -0.93161E+00 -0.13098E+01 -0.18059E+01  0.82554E+01  0.32742E+02  0.46649E+02  0.87467E+01  0.89456E+02
  0.29980E+02  0.14634E+02  0.13912E+02  0.14295E+02  0.24800E+02  0.62734E+01  0.71240E+01  0.62034E+01  0.38152E+01  0.73247E+01
  0.51528E+01  0.45076E+01  0.17648E+01  0.27458E+01  0.18394E+01  0.88031E+00  0.43365E+01  0.12388E+02  0.22780E+02  0.75332E+01
  0.71093E+01  0.52349E+01  0.59075E+01  0.72665E+01  0.44212E+01  0.55957E+01  0.43667E+01  0.32234E+01  0.34525E+01  0.16690E+01

 FIC(:,2)=
 -0.74863E-01 -0.43210E+00 -0.93161E+00 -0.13098E+01 -0.18059E+01  0.82554E+01  0.32742E+02  0.46649E+02  0.87467E+01  0.89456E+02
  0.29980E+02  0.14634E+02  0.13912E+02  0.14295E+02  0.24800E+02  0.62734E+01  0.71240E+01  0.62034E+01  0.38152E+01  0.73247E+01
  0.51528E+01  0.45076E+01  0.17648E+01  0.27458E+01  0.18394E+01  0.88031E+00  0.43365E+01  0.12388E+02  0.22780E+02  0.75332E+01
  0.71093E+01  0.52349E+01  0.59075E+01  0.72665E+01  0.44212E+01  0.55957E+01  0.43667E+01  0.32234E+01  0.34525E+01  0.16690E+01

 FIC(:,2)=
 -0.74863E-01 -0.43210E+00 -0.93161E+00 -0.13098E+01 -0.18059E+01  0.82554E+01  0.32742E+02  0.46649E+02  0.87467E+01  0.89456E+02
  0.29980E+02  0.14634E+02  0.13912E+02  0.14295E+02  0.24800E+02  0.62734E+01  0.71240E+01  0.62034E+01  0.38152E+01  0.73247E+01
  0.51528E+01  0.45076E+01  0.17648E+01  0.27458E+01  0.18394E+01  0.88031E+00  0.43365E+01  0.12388E+02  0.22780E+02  0.75332E+01
  0.71093E+01  0.52349E+01  0.59075E+01  0.72665E+01  0.44212E+01  0.55957E+01  0.43667E+01  0.32234E+01  0.34525E+01  0.16690E+01

 FIC(:,2)=
 -0.74458E-01 -0.42960E+00 -0.92574E+00 -0.13012E+01 -0.17878E+01  0.76078E+01  0.30577E+02  0.43711E+02  0.82120E+01  0.85580E+02
  0.29145E+02  0.14278E+02  0.13717E+02  0.13991E+02  0.24573E+02  0.61825E+01  0.70917E+01  0.61798E+01  0.37552E+01  0.72626E+01
  0.51224E+01  0.44759E+01  0.17522E+01  0.27227E+01  0.18274E+01  0.87797E+00  0.43043E+01  0.12314E+02  0.22794E+02  0.75705E+01
  0.71693E+01  0.53057E+01  0.60306E+01  0.74926E+01  0.45949E+01  0.58499E+01  0.45888E+01  0.34012E+01  0.36588E+01  0.17770E+01

 FIC(:,2)=
 -0.74458E-01 -0.42960E+00 -0.92574E+00 -0.13012E+01 -0.17878E+01  0.76078E+01  0.30577E+02  0.43711E+02  0.82120E+01  0.85580E+02
  0.29145E+02  0.14278E+02  0.13717E+02  0.13991E+02  0.24573E+02  0.61825E+01  0.70917E+01  0.61798E+01  0.37552E+01  0.72626E+01
  0.51224E+01  0.44759E+01  0.17522E+01  0.27227E+01  0.18274E+01  0.87797E+00  0.43043E+01  0.12314E+02  0.22794E+02  0.75705E+01
  0.71693E+01  0.53057E+01  0.60306E+01  0.74926E+01  0.45949E+01  0.58499E+01  0.45888E+01  0.34012E+01  0.36588E+01  0.17770E+01

 FIC(:,2)=
 -0.74458E-01 -0.42960E+00 -0.92574E+00 -0.13012E+01 -0.17878E+01  0.76078E+01  0.30577E+02  0.43711E+02  0.82120E+01  0.85580E+02
  0.29145E+02  0.14278E+02  0.13717E+02  0.13991E+02  0.24573E+02  0.61825E+01  0.70917E+01  0.61798E+01  0.37552E+01  0.72626E+01
  0.51224E+01  0.44759E+01  0.17522E+01  0.27227E+01  0.18274E+01  0.87797E+00  0.43043E+01  0.12314E+02  0.22794E+02  0.75705E+01
  0.71693E+01  0.53057E+01  0.60306E+01  0.74926E+01  0.45949E+01  0.58499E+01  0.45888E+01  0.34012E+01  0.36588E+01  0.17770E+01

 FIC(:,2)=
 -0.74458E-01 -0.42960E+00 -0.92574E+00 -0.13012E+01 -0.17878E+01  0.76078E+01  0.30577E+02  0.43711E+02  0.82120E+01  0.85580E+02
  0.29145E+02  0.14278E+02  0.13717E+02  0.13991E+02  0.24573E+02  0.61825E+01  0.70917E+01  0.61798E+01  0.37552E+01  0.72626E+01
  0.51224E+01  0.44759E+01  0.17522E+01  0.27227E+01  0.18274E+01  0.87797E+00  0.43043E+01  0.12314E+02  0.22794E+02  0.75705E+01
  0.71693E+01  0.53057E+01  0.60306E+01  0.74926E+01  0.45949E+01  0.58499E+01  0.45888E+01  0.34012E+01  0.36588E+01  0.17770E+01

 FIC(:,2)=
 -0.74458E-01 -0.42960E+00 -0.92574E+00 -0.13012E+01 -0.17878E+01  0.76078E+01  0.30577E+02  0.43711E+02  0.82120E+01  0.85580E+02
  0.29145E+02  0.14278E+02  0.13717E+02  0.13991E+02  0.24573E+02  0.61825E+01  0.70917E+01  0.61798E+01  0.37552E+01  0.72626E+01
  0.51224E+01  0.44759E+01  0.17522E+01  0.27227E+01  0.18274E+01  0.87797E+00  0.43043E+01  0.12314E+02  0.22794E+02  0.75705E+01
  0.71693E+01  0.53057E+01  0.60306E+01  0.74926E+01  0.45949E+01  0.58499E+01  0.45888E+01  0.34012E+01  0.36588E+01  0.17770E+01

 FIC(:,2)=
 -0.10366E+00 -0.62087E+00 -0.13302E+01 -0.20181E+01  0.73324E+01  0.19507E+02  0.49845E+02  0.61423E+02  0.11161E+02  0.10109E+03
  0.32430E+02  0.15569E+02  0.14614E+02  0.14744E+02  0.25202E+02  0.62778E+01  0.71060E+01  0.61712E+01  0.37860E+01  0.71953E+01
  0.50327E+01  0.43896E+01  0.17149E+01  0.26652E+01  0.17821E+01  0.85176E+00  0.41920E+01  0.11922E+02  0.21839E+02  0.72402E+01
  0.68541E+01  0.50618E+01  0.57293E+01  0.70776E+01  0.43235E+01  0.54927E+01  0.43045E+01  0.31898E+01  0.34330E+01  0.16702E+01

 FIC(:,2)=
 -0.10366E+00 -0.62087E+00 -0.13302E+01 -0.20181E+01  0.73324E+01  0.19507E+02  0.49845E+02  0.61423E+02  0.11161E+02  0.10109E+03
  0.32430E+02  0.15569E+02  0.14614E+02  0.14744E+02  0.25202E+02  0.62778E+01  0.71060E+01  0.61712E+01  0.37860E+01  0.71953E+01
  0.50327E+01  0.43896E+01  0.17149E+01  0.26652E+01  0.17821E+01  0.85176E+00  0.41920E+01  0.11922E+02  0.21839E+02  0.72402E+01
  0.68541E+01  0.50618E+01  0.57293E+01  0.70776E+01  0.43235E+01  0.54927E+01  0.43045E+01  0.31898E+01  0.34330E+01  0.16702E+01

 FIC(:,2)=
 -0.10366E+00 -0.62087E+00 -0.13302E+01 -0.20181E+01  0.73324E+01  0.19507E+02  0.49845E+02  0.61423E+02  0.11161E+02  0.10109E+03
  0.32430E+02  0.15569E+02  0.14614E+02  0.14744E+02  0.25202E+02  0.62778E+01  0.71060E+01  0.61712E+01  0.37860E+01  0.71953E+01
  0.50327E+01  0.43896E+01  0.17149E+01  0.26652E+01  0.17821E+01  0.85176E+00  0.41920E+01  0.11922E+02  0.21839E+02  0.72402E+01
  0.68541E+01  0.50618E+01  0.57293E+01  0.70776E+01  0.43235E+01  0.54927E+01  0.43045E+01  0.31898E+01  0.34330E+01  0.16702E+01

 FIC(:,2)=
 -0.10366E+00 -0.62087E+00 -0.13302E+01 -0.20181E+01  0.73324E+01  0.19507E+02  0.49845E+02  0.61423E+02  0.11161E+02  0.10109E+03
  0.32430E+02  0.15569E+02  0.14614E+02  0.14744E+02  0.25202E+02  0.62778E+01  0.71060E+01  0.61712E+01  0.37860E+01  0.71953E+01
  0.50327E+01  0.43896E+01  0.17149E+01  0.26652E+01  0.17821E+01  0.85176E+00  0.41920E+01  0.11922E+02  0.21839E+02  0.72402E+01
  0.68541E+01  0.50618E+01  0.57293E+01  0.70776E+01  0.43235E+01  0.54927E+01  0.43045E+01  0.31898E+01  0.34330E+01  0.16702E+01

 22:15:03 Executing statepoint No. 00354 ( 44.1 S.P./min )
 FIC(:,2)=
 -0.77053E-01 -0.44440E+00 -0.95633E+00 -0.13447E+01 -0.18474E+01  0.79718E+01  0.32144E+02  0.46052E+02  0.86413E+01  0.88695E+02
  0.29720E+02  0.14496E+02  0.13760E+02  0.14185E+02  0.24573E+02  0.62368E+01  0.70734E+01  0.61535E+01  0.37884E+01  0.72958E+01
  0.51420E+01  0.45047E+01  0.17653E+01  0.27482E+01  0.18425E+01  0.88245E+00  0.43502E+01  0.12447E+02  0.22974E+02  0.76433E+01
  0.72623E+01  0.53748E+01  0.60686E+01  0.73951E+01  0.44228E+01  0.54879E+01  0.41968E+01  0.30472E+01  0.32094E+01  0.15237E+01

 FIC(:,2)=
 -0.77053E-01 -0.44440E+00 -0.95633E+00 -0.13447E+01 -0.18474E+01  0.79718E+01  0.32144E+02  0.46052E+02  0.86413E+01  0.88695E+02
  0.29720E+02  0.14496E+02  0.13760E+02  0.14185E+02  0.24573E+02  0.62368E+01  0.70734E+01  0.61535E+01  0.37884E+01  0.72958E+01
  0.51420E+01  0.45047E+01  0.17653E+01  0.27482E+01  0.18425E+01  0.88245E+00  0.43502E+01  0.12447E+02  0.22974E+02  0.76433E+01
  0.72623E+01  0.53748E+01  0.60686E+01  0.73951E+01  0.44228E+01  0.54879E+01  0.41968E+01  0.30472E+01  0.32094E+01  0.15237E+01

 FIC(:,2)=
 -0.77053E-01 -0.44440E+00 -0.95633E+00 -0.13447E+01 -0.18474E+01  0.79718E+01  0.32144E+02  0.46052E+02  0.86413E+01  0.88695E+02
  0.29720E+02  0.14496E+02  0.13760E+02  0.14185E+02  0.24573E+02  0.62368E+01  0.70734E+01  0.61535E+01  0.37884E+01  0.72958E+01
  0.51420E+01  0.45047E+01  0.17653E+01  0.27482E+01  0.18425E+01  0.88245E+00  0.43502E+01  0.12447E+02  0.22974E+02  0.76433E+01
  0.72623E+01  0.53748E+01  0.60686E+01  0.73951E+01  0.44228E+01  0.54879E+01  0.41968E+01  0.30472E+01  0.32094E+01  0.15237E+01

 FIC(:,2)=
 -0.77053E-01 -0.44440E+00 -0.95633E+00 -0.13447E+01 -0.18474E+01  0.79718E+01  0.32144E+02  0.46052E+02  0.86413E+01  0.88695E+02
  0.29720E+02  0.14496E+02  0.13760E+02  0.14185E+02  0.24573E+02  0.62368E+01  0.70734E+01  0.61535E+01  0.37884E+01  0.72958E+01
  0.51420E+01  0.45047E+01  0.17653E+01  0.27482E+01  0.18425E+01  0.88245E+00  0.43502E+01  0.12447E+02  0.22974E+02  0.76433E+01
  0.72623E+01  0.53748E+01  0.60686E+01  0.73951E+01  0.44228E+01  0.54879E+01  0.41968E+01  0.30472E+01  0.32094E+01  0.15237E+01

 FIC(:,2)=
 -0.77053E-01 -0.44440E+00 -0.95633E+00 -0.13447E+01 -0.18474E+01  0.79718E+01  0.32144E+02  0.46052E+02  0.86413E+01  0.88695E+02
  0.29720E+02  0.14496E+02  0.13760E+02  0.14185E+02  0.24573E+02  0.62368E+01  0.70734E+01  0.61535E+01  0.37884E+01  0.72958E+01
  0.51420E+01  0.45047E+01  0.17653E+01  0.27482E+01  0.18425E+01  0.88245E+00  0.43502E+01  0.12447E+02  0.22974E+02  0.76433E+01
  0.72623E+01  0.53748E+01  0.60686E+01  0.73951E+01  0.44228E+01  0.54879E+01  0.41968E+01  0.30472E+01  0.32094E+01  0.15237E+01

 [FATAL ERROR] IN FMCAL           Fundamental mode calculation did not converge.


                   Neutron Calculation                         
 Memory Use        Allocated       Used                         
 A Array            14000000    5396413
 B Array             4000000     243437
                    --------    -------
 Total Words        18000000    5639850
 Total Mwords           18.0        5.6
 Total Mbytes           72.0       22.6

 Run Started     (Date,Time):  2022/12/31   22:07:01  
 Run Aborted     (Date,Time):  2022/12/31   22:16:51  
 Total Wall Time Used       :               00:09:50
 Total CPU  Time Used       :               00:09:07   CPU Utilization:   92%
 Files:
 Input                      :  c4.nu050g00_full.inp
 Output                     :  ./c4.nu050g00_full.out
 Card Image                 :  ./c4.nu050g00_full.cax
 *********************************
 *  CASMO-4E U S E R  A B O R T  *
 *********************************
C-4E Abort
