1________________________________________________________________________________________________________________________
 CMS-LINK     STUDSVIK CMS LIBRARY PROCESSOR FOR SIMULATE-3 VERSION 1.00.02             CREATED 12/05/08  
                                                                               16:02:20     23/06/23      PAGE    1

      --------------- LISTING OF INPUT CARDS - 132 COLUMNS ---------------

 >>   'MOX' 'ON' /                                                                                                                        
 >>   'NEW' 'cms.TMO430475.lib'/                                                                                                          
 >>   'CAS' '../casmo4/c4.nu405c00.cax' 'NU405C00'/                                                                                       
 >>   'STA'/                                                                                                                              
 >>                                                                                                                                       
 >>   'CAS' '../casmo4/c4.nu405g00.cax' 'NU405G00'/                                                                                       
 >>   'STA'/                                                                                                                              
 >>                                                                                                                                       
 >>   'CAS' '../casmo4/c4.nu260c00.cax' 'NU260C00'/                                                                                       
 >>   'STA'/                                                                                                                              
 >>                                                                                                                                       
 >>   'CAS' '../casmo4/c4.nu455c00.cax' 'NU455C00'/                                                                                       
 >>   'STA'/                                                                                                                              
 >>                                                                                                                                       
 >>   'CAS' '../casmo4/c4.nu455g00.cax' 'NU455G00'/                                                                                       
 >>   'STA'/                                                                                                                              
 >>                                                                                                                                       
 >>   'CAS' '../casmo4/radref.cax' , , 0 'RAD'/                                                                                           
 >>   'STA'/                                                                                                                              
 >>                                                                                                                                       
 >>   'CAS','../casmo4/topref.cax' , , 0 'TOP'/                                                                                           
 >>   'STA'/                                                                                                                              
 >>                                                                                                                                       
 >>   'CAS','../casmo4/botref.cax' , , 0 'BOT'/                                                                                           
 >>   'STA'/                                                                                                                              
 >>                                                                                                                                       
 >>   'END'/                                                                                                                              
 >>                                                                                                                                       
 >>                                                                                                                                       
      ------------------------------------------------------

STRING TRUNCATION IN SUBR. EXITS2
           
 ************************************************************************************************************************
 ************************************************************************************************************************
 **********                                          STOP IN UNPRES:                                           **********
 **********                         CAX FILE "../casmo4/c4.nu405c00.cax" IS NOT FOUND                          **********
 ************************************************************************************************************************
 ************************************************************************************************************************
           
1________________________________________________________________________________________________________________________
 CMS-LINK     STUDSVIK CMS LIBRARY PROCESSOR FOR SIMULATE-3 VERSION 1.00.02             CREATED 12/05/08  
                                                                               16:02:20     23/06/23      PAGE    2



 S U M M A R Y   O F   N O T E S,  E R R O R S   A N D   W A R N I N G S                            

 LABEL     DEGREE     INFO  
 -----     ------     ----  

 NOCXFL    FATAL      CAX FILE "../casmo4/c4.nu405c00.cax" IS NOT FOUND

 CMS-LINK RUN ABORTED
