 Reserving general partition A  with:   14.0 Mwords (default)
 Reserving neutron partition B1 with:    4.0 Mwords (default)
 Reserving gamma   partition B2 with:    4.0 Mwords (default)
 Total allocation                   :   18.0 Mwords (A+B1)
 CASMO library identified as E6 0200 UPDATE D
 __________________________________________________________________________________________
 * C A S M O - 4E 1.00.02 REV:00 CREATED:2012/05/08 STUDSVIK * EXECUTED 2022/04/04 11:17:43

 This source code includes the following optional modules:
      1 - CASMO-4E (CASMO-4 Extended Version).
      2 - MxN extended multi-assembly module present.
      3 - Hexagonal module present.
      4 - CLU/AGR module present.
      5 - PSC Tiff/PostScript capability active.
      6 - Azimuthal depletion model present.
      7 - FSS/FSC model present.
      8 - Extra cards present.
      9 - Pn higher order scattering model present.
     10 - DIA Rotated water hole model present.
     11 - CCR Extended C.R. model present.

       LIST OF USER FILES
       ******************
 EXECUTABLE FILE               /opt/studsvik/libexec/studsvik/casmo4e/casmo4e-u1.00.02/casmo4e.exe
 NEUTRON DATA LIBRARY FILE     /opt/studsvik/lib/studsvik/casmo4e/e60200
 GAMMA DATA LIBRARY FILE       /opt/studsvik/lib/studsvik/casmo4e/galb418
 INPUT FILE                    reflector.inp
 OUTPUT LIST FILE              ./reflector.out
 CARD IMAGE FILE (SEG1)        ./reflector.cax
 
 [WARNING] IN CHKDUP              Duplicated input: ---Check input card:HO1
 [WARNING] IN CHKDUP              Duplicated input: ---Check input card:HO2
 [WARNING] IN CHKDUP              Duplicated input: ---Check input card:HO3
 [WARNING] IN INP_PIN             COO in a non-fuel pin detected -MOD is recommended for pin # 2
 [WARNING] IN INP_PIN             COO in a non-fuel pin detected -MOD is recommended for pin # 3
 [WARNING] IN INP_MIX             ID=718 detected for SPA material but Zirc default [ 7.0000E-06] for thermal expansion coeff. (C) used.
 [WARNING] IN EDTFTD              Non-default neutron data library is attached.
 [WARNING] IN INP_REF             Check card: *REF*. PWR TOP reflector 1st layer should use both COO and MOD.
                                  -COO for coolant, and MOD inside instrument and guide tubes.
 [USAGE NOTE] IN ROUNDER          TMO initial value: 602.230 rounded to: 602.200 difference= -0.030
 11:21:47 Executing statepoint No. 00020 ( 4.9 S.P./min )
 11:25:54 Executing statepoint No. 00039 ( 4.8 S.P./min )
 [WARNING] IN INP_REF             Check card: *REF*. Radial reflectors should use MOD not COO.
 11:30:08 Executing statepoint No. 00058 ( 4.7 S.P./min )
 11:34:14 Executing statepoint No. 00076 ( 4.6 S.P./min )
 [WARNING] IN INP_REF             Check card: *REF*. PWR BOT reflector 1st layer should use both COO and MOD.
                                  -COO for coolant, and MOD inside instrument and guide tubes.
 [WARNING] IN INP_REF             Check card: *REF*. PWR BOT reflector (layers > 1) should use MOD not COO.
                                  -for all water below bottom of instrument and guide tubes.
 11:38:24 Executing statepoint No. 00094 ( 4.5 S.P./min )
 11:42:27 Executing statepoint No. 00113 ( 4.6 S.P./min )
 11:46:33 Executing statepoint No. 00131 ( 4.5 S.P./min )


 RUN TERMINATED. 12  WARNING(S) ENCOUNTERED
   0  FATAL ERROR(S),    11  WARNING(S)
   1  USAGE NOTE(S),      0  CAUTION(S)


                   Neutron Calculation                         
 Memory Use        Allocated       Used                         
 A Array            14000000   13999893
 B Array             4000000    2067279
                    --------    -------
 Total Words        18000000   16067172
 Total Mwords           18.0       16.1
 Total Mbytes           72.0       64.3

 Run Started     (Date,Time):  2022/04/04   11:17:43  
 Run Completed   (Date,Time):  2022/04/04   11:46:59  
 Total Wall Time Used       :               00:29:16
 Total CPU  Time Used       :               00:28:50   CPU Utilization:   98%
 Files:
 Input                      :  reflector.inp
 Output                     :  ./reflector.out
 Card Image                 :  ./reflector.cax
 *********************************
 *  CASMO-4E NORMAL TERMINATION  *
 *     -WARNINGS ENCOUNTERED-    *
 *********************************
C-4E Complete....
